/*C2*/SET SCHEMA PUBLIC
CONNECT USER SA
SET AUTOCOMMIT FALSE
DELETE FROM USER WHERE ID=11
INSERT INTO USER VALUES(11,'2013-01-01 00:00:00.312000000','x','MK10 0AB',0,'x',NULL,NULL,NULL,NULL)
SET AUTOCOMMIT TRUE
DELETE FROM USER_ANIMAL WHERE ID=11 AND USERID=4
INSERT INTO USER_ANIMAL VALUES(11,4,NULL)
INSERT INTO USER_ANIMAL VALUES(11,1,NULL)
SET AUTOCOMMIT FALSE
DELETE FROM USER WHERE ID=11
INSERT INTO USER VALUES(11,'2013-01-01 00:00:00.312000000','x','MK10 0AB',0,'x',NULL,NULL,NULL,NULL)
SET AUTOCOMMIT TRUE
DELETE FROM USER_ANIMAL WHERE ID=11 AND USERID=1
DELETE FROM USER_ANIMAL WHERE ID=11 AND USERID=4
INSERT INTO USER_ANIMAL VALUES(11,1,NULL)
SET AUTOCOMMIT FALSE
DELETE FROM USER WHERE ID=11
INSERT INTO USER VALUES(11,'2013-01-01 00:00:00.312000000','x','MK10 0AB',0,'x',NULL,NULL,NULL,NULL)
SET AUTOCOMMIT TRUE
DELETE FROM USER_ANIMAL WHERE ID=11 AND USERID=1
INSERT INTO USER_ANIMAL VALUES(11,1,NULL)
INSERT INTO USER_ANIMAL VALUES(11,7,NULL)
SET AUTOCOMMIT FALSE
DELETE FROM USER WHERE ID=11
INSERT INTO USER VALUES(11,'2013-01-01 00:00:00.312000000','x','MK10 0AB',0,'x',NULL,NULL,NULL,NULL)
SET AUTOCOMMIT TRUE
DELETE FROM USER_ANIMAL WHERE ID=11 AND USERID=1
DELETE FROM USER_ANIMAL WHERE ID=11 AND USERID=7
INSERT INTO USER_ANIMAL VALUES(11,1,NULL)
SET AUTOCOMMIT FALSE
DELETE FROM USER WHERE ID=11
INSERT INTO USER VALUES(11,'2013-01-01 00:00:00.312000000','x','MK10 0AB',0,'x',NULL,NULL,NULL,NULL)
SET AUTOCOMMIT TRUE
DELETE FROM USER_ANIMAL WHERE ID=11 AND USERID=1
INSERT INTO USER_ANIMAL VALUES(11,1,NULL)
INSERT INTO USER_ANIMAL VALUES(11,4,NULL)
SET AUTOCOMMIT FALSE
DELETE FROM USER WHERE ID=11
INSERT INTO USER VALUES(11,'2013-01-01 00:00:00.312000000','x','MK10 0AB',0,'x',NULL,NULL,NULL,NULL)
SET AUTOCOMMIT TRUE
DELETE FROM USER_ANIMAL WHERE ID=11 AND USERID=1
DELETE FROM USER_ANIMAL WHERE ID=11 AND USERID=4
INSERT INTO USER_ANIMAL VALUES(11,4,NULL)
DISCONNECT
